  debug_app2.cpp
c:\users\woors\onedrive\문서\visual studio 2015\projects\debug_app2\debug_app2\debug_app2.cpp(103): warning C4018: '<': signed 또는 unsigned가 일치하지 않습니다.
c:\users\woors\onedrive\문서\visual studio 2015\projects\debug_app2\debug_app2\debug_app2.cpp(105): warning C4477: 'printf' : 서식 문자열 '%08x'에 'unsigned int' 형식의 인수가 필요하지만 variadic 인수 1의 형식이 '_OffsetType'입니다.
  c:\users\woors\onedrive\문서\visual studio 2015\projects\debug_app2\debug_app2\debug_app2.cpp(105): note: 서식 문자열에서 '%llx'을(를) 사용하는 것이 좋습니다.
  c:\users\woors\onedrive\문서\visual studio 2015\projects\debug_app2\debug_app2\debug_app2.cpp(105): note: 서식 문자열에서 '%I64x'을(를) 사용하는 것이 좋습니다.
c:\users\woors\onedrive\문서\visual studio 2015\projects\debug_app2\debug_app2\debug_app2.cpp(118): warning C4477: 'printf' : 서식 문자열 '%08x'에 'unsigned int' 형식의 인수가 필요하지만 variadic 인수 1의 형식이 'LPCVOID'입니다.
c:\users\woors\onedrive\문서\visual studio 2015\projects\debug_app2\debug_app2\debug_app2.cpp(241): warning C4552: '!=': 의미 없는 연산자입니다. 파생 작업이 있는 연산자여야 합니다.
c:\users\woors\onedrive\문서\visual studio 2015\projects\debug_app2\debug_app2\debug_app2.cpp(325): warning C4552: '!=': 의미 없는 연산자입니다. 파생 작업이 있는 연산자여야 합니다.
c:\users\woors\onedrive\문서\visual studio 2015\projects\debug_app2\debug_app2\debug_app2.cpp(284): warning C4477: 'printf' : 서식 문자열 '%d'에 'int' 형식의 인수가 필요하지만 variadic 인수 1의 형식이 'LPVOID'입니다.
c:\users\woors\onedrive\문서\visual studio 2015\projects\debug_app2\debug_app2\debug_app2.cpp(285): warning C4477: 'printf' : 서식 문자열 '%d'에 'int' 형식의 인수가 필요하지만 variadic 인수 1의 형식이 'LPVOID'입니다.
c:\users\woors\onedrive\문서\visual studio 2015\projects\debug_app2\debug_app2\debug_app2.cpp(286): warning C4477: 'printf' : 서식 문자열 '%d'에 'int' 형식의 인수가 필요하지만 variadic 인수 1의 형식이 'LPTHREAD_START_ROUTINE'입니다.
c:\users\woors\onedrive\문서\visual studio 2015\projects\debug_app2\debug_app2\debug_app2.cpp(297): warning C4477: 'printf' : 서식 문자열 '%p'에 'void *' 형식의 인수가 필요하지만 variadic 인수 2의 형식이 'EXCEPTION_RECORD'입니다.
c:\users\woors\onedrive\문서\visual studio 2015\projects\debug_app2\debug_app2\debug_app2.cpp(452): warning C4996: 'scanf': This function or variable may be unsafe. Consider using scanf_s instead. To disable deprecation, use _CRT_SECURE_NO_WARNINGS. See online help for details.
  c:\program files (x86)\windows kits\10\include\10.0.10240.0\ucrt\stdio.h(1270): note: 'scanf' 선언을 참조하십시오.
c:\users\woors\onedrive\문서\visual studio 2015\projects\debug_app2\debug_app2\debug_app2.cpp(458): warning C4996: 'scanf': This function or variable may be unsafe. Consider using scanf_s instead. To disable deprecation, use _CRT_SECURE_NO_WARNINGS. See online help for details.
  c:\program files (x86)\windows kits\10\include\10.0.10240.0\ucrt\stdio.h(1270): note: 'scanf' 선언을 참조하십시오.
c:\users\woors\onedrive\문서\visual studio 2015\projects\debug_app2\debug_app2\debug_app2.cpp(367): warning C4715: 'DebugThreadProc': 모든 제어 경로에서 값을 반환하지는 않습니다.
  distorm.lib(distorm.obj) : /GL로 컴파일한 MSIL .netmodule 또는 모듈이 있습니다. /LTCG를 지정하여 링크를 다시 시작하십시오. /LTCG를 링크 명령줄에 추가하면 링커 성능이 향상됩니다.
LINK : warning LNK4075: '/INCREMENTAL'이(가) '/LTCG' 사양으로 인해 무시됩니다.
debug_app2.obj : warning LNK4075: '/EDITANDCONTINUE'이(가) '/OPT:LBR' 사양으로 인해 무시됩니다.
LINK : warning LNK4098: 'MSVCRT' defaultlib가 다른 라이브러리와 충돌합니다. /NODEFAULTLIB:library를 사용하십시오.
  코드를 생성하고 있습니다.
  코드를 생성했습니다.
distorm.lib(distorm.obj) : warning LNK4099: 'vc100.pdb' PDB를 'distorm.lib(distorm.obj)' 또는 'C:\Users\woors\OneDrive\문서\Visual Studio 2015\Projects\debug_app2\Debug\vc100.pdb'에서 찾을 수 없습니다. 디버그 정보가 없는 것처럼 개체를 링크합니다.
distorm.lib(wstring.obj) : warning LNK4099: 'vc100.pdb' PDB를 'distorm.lib(wstring.obj)' 또는 'C:\Users\woors\OneDrive\문서\Visual Studio 2015\Projects\debug_app2\Debug\vc100.pdb'에서 찾을 수 없습니다. 디버그 정보가 없는 것처럼 개체를 링크합니다.
distorm.lib(textdefs.obj) : warning LNK4099: 'vc100.pdb' PDB를 'distorm.lib(textdefs.obj)' 또는 'C:\Users\woors\OneDrive\문서\Visual Studio 2015\Projects\debug_app2\Debug\vc100.pdb'에서 찾을 수 없습니다. 디버그 정보가 없는 것처럼 개체를 링크합니다.
distorm.lib(decoder.obj) : warning LNK4099: 'vc100.pdb' PDB를 'distorm.lib(decoder.obj)' 또는 'C:\Users\woors\OneDrive\문서\Visual Studio 2015\Projects\debug_app2\Debug\vc100.pdb'에서 찾을 수 없습니다. 디버그 정보가 없는 것처럼 개체를 링크합니다.
distorm.lib(mnemonics.obj) : warning LNK4099: 'vc100.pdb' PDB를 'distorm.lib(mnemonics.obj)' 또는 'C:\Users\woors\OneDrive\문서\Visual Studio 2015\Projects\debug_app2\Debug\vc100.pdb'에서 찾을 수 없습니다. 디버그 정보가 없는 것처럼 개체를 링크합니다.
distorm.lib(prefix.obj) : warning LNK4099: 'vc100.pdb' PDB를 'distorm.lib(prefix.obj)' 또는 'C:\Users\woors\OneDrive\문서\Visual Studio 2015\Projects\debug_app2\Debug\vc100.pdb'에서 찾을 수 없습니다. 디버그 정보가 없는 것처럼 개체를 링크합니다.
distorm.lib(instructions.obj) : warning LNK4099: 'vc100.pdb' PDB를 'distorm.lib(instructions.obj)' 또는 'C:\Users\woors\OneDrive\문서\Visual Studio 2015\Projects\debug_app2\Debug\vc100.pdb'에서 찾을 수 없습니다. 디버그 정보가 없는 것처럼 개체를 링크합니다.
distorm.lib(operands.obj) : warning LNK4099: 'vc100.pdb' PDB를 'distorm.lib(operands.obj)' 또는 'C:\Users\woors\OneDrive\문서\Visual Studio 2015\Projects\debug_app2\Debug\vc100.pdb'에서 찾을 수 없습니다. 디버그 정보가 없는 것처럼 개체를 링크합니다.
distorm.lib(insts.obj) : warning LNK4099: 'vc100.pdb' PDB를 'distorm.lib(insts.obj)' 또는 'C:\Users\woors\OneDrive\문서\Visual Studio 2015\Projects\debug_app2\Debug\vc100.pdb'에서 찾을 수 없습니다. 디버그 정보가 없는 것처럼 개체를 링크합니다.
distorm.lib(x86defs.obj) : warning LNK4099: 'vc100.pdb' PDB를 'distorm.lib(x86defs.obj)' 또는 'C:\Users\woors\OneDrive\문서\Visual Studio 2015\Projects\debug_app2\Debug\vc100.pdb'에서 찾을 수 없습니다. 디버그 정보가 없는 것처럼 개체를 링크합니다.
  debug_app2.vcxproj -> C:\Users\woors\OneDrive\문서\Visual Studio 2015\Projects\debug_app2\Debug\debug_app2.exe
  debug_app2.vcxproj -> C:\Users\woors\OneDrive\문서\Visual Studio 2015\Projects\debug_app2\Debug\debug_app2.pdb (Full PDB)
